<?xml version="1.0" encoding="UTF-8"?>
<!-- Generated by org.testng.reporters.JUnitReportReporter -->
<testsuite skipped="0" hostname="DESKTOP-2CDHK3O" name="com.auto.testscripts.datadriven.Testscript1demo" tests="1" failures="0" timestamp="2020-01-20T18:57:35 IST" time="39.954" errors="0">
  <testcase name="test" time="39.954" classname="com.auto.testscripts.datadriven.Testscript1demo"/>
</testsuite> <!-- com.auto.testscripts.datadriven.Testscript1demo -->
