<?xml version="1.0" encoding="UTF-8"?>
<!-- Generated by org.testng.reporters.JUnitReportReporter -->
<testsuite skipped="0" hostname="DESKTOP-2CDHK3O" name="com.auto.Testscript" tests="3" failures="0" timestamp="2020-01-08T10:34:58 IST" time="123.146" errors="0">
  <testcase name="test" time="40.318" classname="com.auto.Testscript"/>
  <testcase name="test" time="51.516" classname="com.auto.Testscript"/>
  <testcase name="test" time="31.312" classname="com.auto.Testscript"/>
</testsuite> <!-- com.auto.Testscript -->
