<?xml version="1.0" encoding="UTF-8"?>
<!-- Generated by org.testng.reporters.JUnitReportReporter -->
<testsuite skipped="0" hostname="DESKTOP-2CDHK3O" name="com.auto.testscripts.linearapproach.Testscript" tests="1" failures="0" timestamp="2020-01-17T14:30:22 IST" time="57.194" errors="0">
  <testcase name="test" time="57.194" classname="com.auto.testscripts.linearapproach.Testscript"/>
</testsuite> <!-- com.auto.testscripts.linearapproach.Testscript -->
