<?xml version="1.0" encoding="UTF-8"?>
<!-- Generated by org.testng.reporters.JUnitReportReporter -->
<testsuite skipped="1" hostname="DESKTOP-2CDHK3O" name="com.auto.testscripts.datadriven.TestScript3" tests="1" failures="0" timestamp="2020-02-14T12:37:24 IST" time="0.000" errors="0">
  <testcase name="test" time="0.000" classname="com.auto.testscripts.datadriven.TestScript3">
    <skipped/>
  </testcase> <!-- test -->
</testsuite> <!-- com.auto.testscripts.datadriven.TestScript3 -->
