<?xml version="1.0" encoding="UTF-8"?>
<!-- Generated by org.testng.reporters.JUnitReportReporter -->
<testsuite skipped="0" hostname="DESKTOP-2CDHK3O" name="com.auto.testscripts.datadriven.Testscript2demo" tests="2" failures="0" timestamp="2020-02-13T20:28:51 IST" time="79.993" errors="0">
  <testcase name="test" time="42.781" classname="com.auto.testscripts.datadriven.Testscript2demo"/>
  <testcase name="test" time="37.212" classname="com.auto.testscripts.datadriven.Testscript2demo"/>
</testsuite> <!-- com.auto.testscripts.datadriven.Testscript2demo -->
