<?xml version="1.0" encoding="UTF-8"?>
<!-- Generated by org.testng.reporters.JUnitReportReporter -->
<testsuite skipped="0" hostname="DESKTOP-2CDHK3O" name="com.auto.testscripts.hybrid.Testscript" tests="2" failures="0" timestamp="2020-01-20T18:30:40 IST" time="75.425" errors="0">
  <testcase name="test" time="42.710" classname="com.auto.testscripts.hybrid.Testscript"/>
  <testcase name="test" time="32.715" classname="com.auto.testscripts.hybrid.Testscript"/>
</testsuite> <!-- com.auto.testscripts.hybrid.Testscript -->
