<?xml version="1.0" encoding="UTF-8"?>
<!-- Generated by org.testng.reporters.JUnitReportReporter -->
<testsuite skipped="0" hostname="DESKTOP-2CDHK3O" name="com.auto.testscripts.pom.Testscript" tests="1" failures="0" timestamp="2020-01-20T10:46:35 IST" time="35.986" errors="0">
  <testcase name="test" time="35.986" classname="com.auto.testscripts.pom.Testscript"/>
</testsuite> <!-- com.auto.testscripts.pom.Testscript -->
