<?xml version="1.0" encoding="UTF-8"?>
<!-- Generated by org.testng.reporters.JUnitReportReporter -->
<testsuite skipped="0" hostname="DESKTOP-2CDHK3O" name="com.auto.testscripts.datadriven.Testscript5Fnl" tests="2" failures="0" timestamp="2020-01-20T19:32:58 IST" time="84.922" errors="0">
  <testcase name="test" time="43.644" classname="com.auto.testscripts.datadriven.Testscript5Fnl"/>
  <testcase name="test" time="41.278" classname="com.auto.testscripts.datadriven.Testscript5Fnl"/>
</testsuite> <!-- com.auto.testscripts.datadriven.Testscript5Fnl -->
