<?xml version="1.0" encoding="UTF-8"?>
<!-- Generated by org.testng.reporters.JUnitReportReporter -->
<testsuite skipped="0" hostname="DESKTOP-2CDHK3O" name="com.auto.testscripts.datadriven.Testscript1" tests="1" failures="0" timestamp="2020-01-08T11:57:52 IST" time="46.169" errors="0">
  <testcase name="test" time="46.169" classname="com.auto.testscripts.datadriven.Testscript1"/>
</testsuite> <!-- com.auto.testscripts.datadriven.Testscript1 -->
